time : 2021-02-07-13:37:10
------------------------------------------------------------
Client connecting to 192.168.10.3, TCP port 5001
TCP window size: 45.0 KByte (default)
------------------------------------------------------------
[  3] local 192.168.100.165 port 37008 connected with 192.168.10.3 port 5001
[ ID] Interval       Transfer     Bandwidth
[  3]  0.0-10.0 sec  5.75 MBytes  4.82 Mbits/sec
[  3] 10.0-20.0 sec  5.50 MBytes  4.61 Mbits/sec
[  3] 20.0-30.0 sec  5.62 MBytes  4.72 Mbits/sec
[  3] 30.0-40.0 sec  5.75 MBytes  4.82 Mbits/sec
[  3] 40.0-50.0 sec  5.50 MBytes  4.61 Mbits/sec
[  3] 50.0-60.0 sec  5.75 MBytes  4.82 Mbits/sec
[  3] 60.0-70.0 sec  5.62 MBytes  4.72 Mbits/sec
[  3] 70.0-80.0 sec  5.62 MBytes  4.72 Mbits/sec
[  3] 80.0-90.0 sec  5.75 MBytes  4.82 Mbits/sec
[  3] 90.0-100.0 sec  5.75 MBytes  4.82 Mbits/sec
[  3] 100.0-110.0 sec  5.50 MBytes  4.61 Mbits/sec
[  3] 110.0-120.0 sec  5.75 MBytes  4.82 Mbits/sec
[  3] 120.0-130.0 sec  5.62 MBytes  4.72 Mbits/sec
[  3] 130.0-140.0 sec  5.50 MBytes  4.61 Mbits/sec
[  3] 140.0-150.0 sec  5.62 MBytes  4.72 Mbits/sec
[  3] 150.0-160.0 sec  5.75 MBytes  4.82 Mbits/sec
[  3] 160.0-170.0 sec  5.62 MBytes  4.72 Mbits/sec
[  3] 170.0-180.0 sec  5.75 MBytes  4.82 Mbits/sec
[  3] 180.0-190.0 sec  5.50 MBytes  4.61 Mbits/sec
[  3] 190.0-200.0 sec  5.75 MBytes  4.82 Mbits/sec
[  3] 200.0-210.0 sec  5.62 MBytes  4.72 Mbits/sec
[  3] 210.0-220.0 sec  5.62 MBytes  4.72 Mbits/sec
[  3] 220.0-230.0 sec  5.62 MBytes  4.72 Mbits/sec
[  3] 230.0-240.0 sec  5.75 MBytes  4.82 Mbits/sec
[  3] 240.0-250.0 sec  5.62 MBytes  4.72 Mbits/sec
[  3] 250.0-260.0 sec  5.62 MBytes  4.72 Mbits/sec
[  3] 260.0-270.0 sec  5.62 MBytes  4.72 Mbits/sec
[  3] 270.0-280.0 sec  5.75 MBytes  4.82 Mbits/sec
[  3] 280.0-290.0 sec  5.62 MBytes  4.72 Mbits/sec
[  3] 290.0-300.0 sec  5.62 MBytes  4.72 Mbits/sec
[  3] 300.0-310.0 sec  5.50 MBytes  4.61 Mbits/sec
[  3] 310.0-320.0 sec  5.62 MBytes  4.72 Mbits/sec
[  3] 320.0-330.0 sec  5.88 MBytes  4.93 Mbits/sec
[  3] 330.0-340.0 sec  5.75 MBytes  4.82 Mbits/sec
[  3] 340.0-350.0 sec  5.62 MBytes  4.72 Mbits/sec
[  3] 350.0-360.0 sec  5.75 MBytes  4.82 Mbits/sec
[  3] 360.0-370.0 sec  5.62 MBytes  4.72 Mbits/sec
[  3] 370.0-380.0 sec  5.62 MBytes  4.72 Mbits/sec
[  3] 380.0-390.0 sec  5.75 MBytes  4.82 Mbits/sec
[  3] 390.0-400.0 sec  5.62 MBytes  4.72 Mbits/sec
[  3] 400.0-410.0 sec  5.50 MBytes  4.61 Mbits/sec
[  3] 410.0-420.0 sec  5.75 MBytes  4.82 Mbits/sec
[  3] 420.0-430.0 sec  5.62 MBytes  4.72 Mbits/sec
[  3] 430.0-440.0 sec  5.75 MBytes  4.82 Mbits/sec
[  3] 440.0-450.0 sec  5.50 MBytes  4.61 Mbits/sec
[  3] 450.0-460.0 sec  5.50 MBytes  4.61 Mbits/sec
[  3] 460.0-470.0 sec  5.62 MBytes  4.72 Mbits/sec
[  3] 470.0-480.0 sec  5.50 MBytes  4.61 Mbits/sec
[  3] 480.0-490.0 sec  5.50 MBytes  4.61 Mbits/sec
[  3] 490.0-500.0 sec  5.62 MBytes  4.72 Mbits/sec
[  3] 500.0-510.0 sec  5.38 MBytes  4.51 Mbits/sec
[  3] 510.0-520.0 sec  5.62 MBytes  4.72 Mbits/sec
[  3] 520.0-530.0 sec  5.75 MBytes  4.82 Mbits/sec
[  3] 530.0-540.0 sec  5.62 MBytes  4.72 Mbits/sec
[  3] 540.0-550.0 sec  5.62 MBytes  4.72 Mbits/sec
[  3] 550.0-560.0 sec  5.62 MBytes  4.72 Mbits/sec
[  3] 560.0-570.0 sec  5.75 MBytes  4.82 Mbits/sec
[  3] 570.0-580.0 sec  5.50 MBytes  4.61 Mbits/sec
[  3] 580.0-590.0 sec  5.75 MBytes  4.82 Mbits/sec
[  3] 590.0-600.0 sec  5.50 MBytes  4.61 Mbits/sec
[  3] 600.0-610.0 sec  5.62 MBytes  4.72 Mbits/sec
[  3] 610.0-620.0 sec  5.62 MBytes  4.72 Mbits/sec
[  3] 620.0-630.0 sec  5.62 MBytes  4.72 Mbits/sec
[  3] 630.0-640.0 sec  5.75 MBytes  4.82 Mbits/sec
[  3] 640.0-650.0 sec  5.62 MBytes  4.72 Mbits/sec
[  3] 650.0-660.0 sec  5.62 MBytes  4.72 Mbits/sec
[  3] 660.0-670.0 sec  5.75 MBytes  4.82 Mbits/sec
[  3] 670.0-680.0 sec  5.62 MBytes  4.72 Mbits/sec
[  3] 680.0-690.0 sec  5.75 MBytes  4.82 Mbits/sec
[  3] 690.0-700.0 sec  5.50 MBytes  4.61 Mbits/sec
[  3] 700.0-710.0 sec  5.75 MBytes  4.82 Mbits/sec
[  3] 710.0-720.0 sec  5.62 MBytes  4.72 Mbits/sec
[  3] 720.0-730.0 sec  5.62 MBytes  4.72 Mbits/sec
[  3] 730.0-740.0 sec  5.62 MBytes  4.72 Mbits/sec
[  3] 740.0-750.0 sec  5.75 MBytes  4.82 Mbits/sec
[  3] 750.0-760.0 sec  5.50 MBytes  4.61 Mbits/sec
[  3] 760.0-770.0 sec  5.62 MBytes  4.72 Mbits/sec
[  3] 770.0-780.0 sec  5.62 MBytes  4.72 Mbits/sec
[  3] 780.0-790.0 sec  5.75 MBytes  4.82 Mbits/sec
[  3] 790.0-800.0 sec  5.75 MBytes  4.82 Mbits/sec
[  3] 800.0-810.0 sec  5.75 MBytes  4.82 Mbits/sec
[  3] 810.0-820.0 sec  5.62 MBytes  4.72 Mbits/sec
[  3] 820.0-830.0 sec  5.75 MBytes  4.82 Mbits/sec
[  3] 830.0-840.0 sec  5.62 MBytes  4.72 Mbits/sec
[  3] 840.0-850.0 sec  5.62 MBytes  4.72 Mbits/sec
[  3] 850.0-860.0 sec  5.75 MBytes  4.82 Mbits/sec
[  3] 860.0-870.0 sec  5.62 MBytes  4.72 Mbits/sec
[  3] 870.0-880.0 sec  5.62 MBytes  4.72 Mbits/sec
[  3] 880.0-890.0 sec  5.62 MBytes  4.72 Mbits/sec
[  3] 890.0-900.0 sec  5.62 MBytes  4.72 Mbits/sec
[  3] 900.0-910.0 sec  5.62 MBytes  4.72 Mbits/sec
[  3] 910.0-920.0 sec  5.75 MBytes  4.82 Mbits/sec
[  3] 920.0-930.0 sec  5.62 MBytes  4.72 Mbits/sec
[  3] 930.0-940.0 sec  5.75 MBytes  4.82 Mbits/sec
[  3] 940.0-950.0 sec  5.50 MBytes  4.61 Mbits/sec
[  3] 950.0-960.0 sec  5.62 MBytes  4.72 Mbits/sec
[  3] 960.0-970.0 sec  5.62 MBytes  4.72 Mbits/sec
[  3] 970.0-980.0 sec  5.75 MBytes  4.82 Mbits/sec
[  3] 980.0-990.0 sec  5.62 MBytes  4.72 Mbits/sec
[  3] 990.0-1000.0 sec  5.62 MBytes  4.72 Mbits/sec
[  3]  0.0-1000.4 sec   565 MBytes  4.73 Mbits/sec
time : 2021-02-07-13:53:56
------------------------------------------------------------
Client connecting to 192.168.10.3, TCP port 5001
TCP window size: 45.0 KByte (default)
------------------------------------------------------------
[  3] local 192.168.100.165 port 38498 connected with 192.168.10.3 port 5001
[ ID] Interval       Transfer     Bandwidth
[  3]  0.0-10.0 sec  6.00 MBytes  5.03 Mbits/sec
[  3] 10.0-20.0 sec  5.75 MBytes  4.82 Mbits/sec
[  3] 20.0-30.0 sec  5.75 MBytes  4.82 Mbits/sec
[  3] 30.0-40.0 sec  5.75 MBytes  4.82 Mbits/sec
[  3] 40.0-50.0 sec  5.62 MBytes  4.72 Mbits/sec
[  3] 50.0-60.0 sec  5.62 MBytes  4.72 Mbits/sec
[  3] 60.0-70.0 sec  5.62 MBytes  4.72 Mbits/sec
[  3] 70.0-80.0 sec  5.88 MBytes  4.93 Mbits/sec
[  3] 80.0-90.0 sec  5.62 MBytes  4.72 Mbits/sec
[  3] 90.0-100.0 sec  5.88 MBytes  4.93 Mbits/sec
[  3] 100.0-110.0 sec  5.62 MBytes  4.72 Mbits/sec
[  3] 110.0-120.0 sec  5.62 MBytes  4.72 Mbits/sec
[  3] 120.0-130.0 sec  5.75 MBytes  4.82 Mbits/sec
[  3] 130.0-140.0 sec  5.75 MBytes  4.82 Mbits/sec
[  3] 140.0-150.0 sec  5.75 MBytes  4.82 Mbits/sec
[  3] 150.0-160.0 sec  5.88 MBytes  4.93 Mbits/sec
[  3] 160.0-170.0 sec  5.75 MBytes  4.82 Mbits/sec
[  3] 170.0-180.0 sec  5.75 MBytes  4.82 Mbits/sec
[  3] 180.0-190.0 sec  5.75 MBytes  4.82 Mbits/sec
[  3] 190.0-200.0 sec  5.75 MBytes  4.82 Mbits/sec
[  3] 200.0-210.0 sec  5.75 MBytes  4.82 Mbits/sec
[  3] 210.0-220.0 sec  5.75 MBytes  4.82 Mbits/sec
[  3] 220.0-230.0 sec  5.88 MBytes  4.93 Mbits/sec
[  3] 230.0-240.0 sec  5.75 MBytes  4.82 Mbits/sec
[  3] 240.0-250.0 sec  5.75 MBytes  4.82 Mbits/sec
[  3] 250.0-260.0 sec  5.75 MBytes  4.82 Mbits/sec
[  3] 260.0-270.0 sec  5.75 MBytes  4.82 Mbits/sec
[  3] 270.0-280.0 sec  5.75 MBytes  4.82 Mbits/sec
[  3] 280.0-290.0 sec  5.88 MBytes  4.93 Mbits/sec
[  3] 290.0-300.0 sec  5.75 MBytes  4.82 Mbits/sec
[  3] 300.0-310.0 sec  5.75 MBytes  4.82 Mbits/sec
[  3] 310.0-320.0 sec  5.88 MBytes  4.93 Mbits/sec
[  3] 320.0-330.0 sec  5.62 MBytes  4.72 Mbits/sec
[  3] 330.0-340.0 sec  5.62 MBytes  4.72 Mbits/sec
[  3] 340.0-350.0 sec  5.75 MBytes  4.82 Mbits/sec
[  3] 350.0-360.0 sec  5.75 MBytes  4.82 Mbits/sec
[  3] 360.0-370.0 sec  5.88 MBytes  4.93 Mbits/sec
[  3] 370.0-380.0 sec  5.75 MBytes  4.82 Mbits/sec
[  3] 380.0-390.0 sec  5.75 MBytes  4.82 Mbits/sec
[  3] 390.0-400.0 sec  5.88 MBytes  4.93 Mbits/sec
[  3] 400.0-410.0 sec  5.75 MBytes  4.82 Mbits/sec
[  3] 410.0-420.0 sec  5.75 MBytes  4.82 Mbits/sec
[  3] 420.0-430.0 sec  5.75 MBytes  4.82 Mbits/sec
[  3] 430.0-440.0 sec  5.75 MBytes  4.82 Mbits/sec
[  3] 440.0-450.0 sec  5.75 MBytes  4.82 Mbits/sec
[  3] 450.0-460.0 sec  5.62 MBytes  4.72 Mbits/sec
[  3] 460.0-470.0 sec  5.62 MBytes  4.72 Mbits/sec
[  3] 470.0-480.0 sec  5.62 MBytes  4.72 Mbits/sec
[  3] 480.0-490.0 sec  5.75 MBytes  4.82 Mbits/sec
[  3] 490.0-500.0 sec  5.62 MBytes  4.72 Mbits/sec
[  3] 500.0-510.0 sec  5.62 MBytes  4.72 Mbits/sec
[  3] 510.0-520.0 sec  5.62 MBytes  4.72 Mbits/sec
[  3] 520.0-530.0 sec  5.62 MBytes  4.72 Mbits/sec
[  3] 530.0-540.0 sec  5.62 MBytes  4.72 Mbits/sec
[  3] 540.0-550.0 sec  5.62 MBytes  4.72 Mbits/sec
[  3] 550.0-560.0 sec  5.62 MBytes  4.72 Mbits/sec
[  3] 560.0-570.0 sec  5.62 MBytes  4.72 Mbits/sec
[  3] 570.0-580.0 sec  5.75 MBytes  4.82 Mbits/sec
[  3] 580.0-590.0 sec  5.62 MBytes  4.72 Mbits/sec
[  3] 590.0-600.0 sec  5.50 MBytes  4.61 Mbits/sec
[  3] 600.0-610.0 sec  5.88 MBytes  4.93 Mbits/sec
[  3] 610.0-620.0 sec  5.62 MBytes  4.72 Mbits/sec
[  3] 620.0-630.0 sec  5.62 MBytes  4.72 Mbits/sec
[  3] 630.0-640.0 sec  5.75 MBytes  4.82 Mbits/sec
[  3] 640.0-650.0 sec  5.62 MBytes  4.72 Mbits/sec
[  3] 650.0-660.0 sec  5.62 MBytes  4.72 Mbits/sec
[  3] 660.0-670.0 sec  5.75 MBytes  4.82 Mbits/sec
[  3] 670.0-680.0 sec  5.62 MBytes  4.72 Mbits/sec
[  3] 680.0-690.0 sec  5.62 MBytes  4.72 Mbits/sec
[  3] 690.0-700.0 sec  5.75 MBytes  4.82 Mbits/sec
[  3] 700.0-710.0 sec  5.62 MBytes  4.72 Mbits/sec
[  3] 710.0-720.0 sec  5.88 MBytes  4.93 Mbits/sec
[  3] 720.0-730.0 sec  5.75 MBytes  4.82 Mbits/sec
[  3] 730.0-740.0 sec  5.75 MBytes  4.82 Mbits/sec
[  3] 740.0-750.0 sec  5.62 MBytes  4.72 Mbits/sec
[  3] 750.0-760.0 sec  5.75 MBytes  4.82 Mbits/sec
[  3] 760.0-770.0 sec  5.88 MBytes  4.93 Mbits/sec
[  3] 770.0-780.0 sec  5.62 MBytes  4.72 Mbits/sec
[  3] 780.0-790.0 sec  5.75 MBytes  4.82 Mbits/sec
[  3] 790.0-800.0 sec  5.75 MBytes  4.82 Mbits/sec
[  3] 800.0-810.0 sec  6.00 MBytes  5.03 Mbits/sec
[  3] 810.0-820.0 sec  5.88 MBytes  4.93 Mbits/sec
[  3] 820.0-830.0 sec  5.75 MBytes  4.82 Mbits/sec
[  3] 830.0-840.0 sec  5.62 MBytes  4.72 Mbits/sec
[  3] 840.0-850.0 sec  5.62 MBytes  4.72 Mbits/sec
[  3] 850.0-860.0 sec  5.62 MBytes  4.72 Mbits/sec
[  3] 860.0-870.0 sec  5.62 MBytes  4.72 Mbits/sec
[  3] 870.0-880.0 sec  5.62 MBytes  4.72 Mbits/sec
[  3] 880.0-890.0 sec  5.62 MBytes  4.72 Mbits/sec
[  3] 890.0-900.0 sec  5.50 MBytes  4.61 Mbits/sec
[  3] 900.0-910.0 sec  5.75 MBytes  4.82 Mbits/sec
[  3] 910.0-920.0 sec  5.62 MBytes  4.72 Mbits/sec
[  3] 920.0-930.0 sec  5.88 MBytes  4.93 Mbits/sec
[  3] 930.0-940.0 sec  5.75 MBytes  4.82 Mbits/sec
[  3] 940.0-950.0 sec  5.75 MBytes  4.82 Mbits/sec
[  3] 950.0-960.0 sec  5.75 MBytes  4.82 Mbits/sec
[  3] 960.0-970.0 sec  5.75 MBytes  4.82 Mbits/sec
[  3] 970.0-980.0 sec  5.75 MBytes  4.82 Mbits/sec
[  3] 980.0-990.0 sec  5.75 MBytes  4.82 Mbits/sec
[  3] 990.0-1000.0 sec  5.88 MBytes  4.93 Mbits/sec
[  3]  0.0-1000.5 sec   572 MBytes  4.80 Mbits/sec
time : 2021-02-07-14:10:41
------------------------------------------------------------
Client connecting to 192.168.10.3, TCP port 5001
TCP window size: 45.0 KByte (default)
------------------------------------------------------------
[  3] local 192.168.100.165 port 38500 connected with 192.168.10.3 port 5001
[ ID] Interval       Transfer     Bandwidth
[  3]  0.0-10.0 sec  6.00 MBytes  5.03 Mbits/sec
[  3] 10.0-20.0 sec  5.50 MBytes  4.61 Mbits/sec
[  3] 20.0-30.0 sec  5.62 MBytes  4.72 Mbits/sec
[  3] 30.0-40.0 sec  5.50 MBytes  4.61 Mbits/sec
[  3] 40.0-50.0 sec  5.62 MBytes  4.72 Mbits/sec
[  3] 50.0-60.0 sec  5.50 MBytes  4.61 Mbits/sec
[  3] 60.0-70.0 sec  5.50 MBytes  4.61 Mbits/sec
[  3] 70.0-80.0 sec  5.50 MBytes  4.61 Mbits/sec
[  3] 80.0-90.0 sec  5.50 MBytes  4.61 Mbits/sec
[  3] 90.0-100.0 sec  5.50 MBytes  4.61 Mbits/sec
[  3] 100.0-110.0 sec  5.75 MBytes  4.82 Mbits/sec
[  3] 110.0-120.0 sec  5.50 MBytes  4.61 Mbits/sec
[  3] 120.0-130.0 sec  5.62 MBytes  4.72 Mbits/sec
[  3] 130.0-140.0 sec  5.62 MBytes  4.72 Mbits/sec
[  3] 140.0-150.0 sec  5.75 MBytes  4.82 Mbits/sec
[  3] 150.0-160.0 sec  5.62 MBytes  4.72 Mbits/sec
[  3] 160.0-170.0 sec  5.62 MBytes  4.72 Mbits/sec
[  3] 170.0-180.0 sec  5.62 MBytes  4.72 Mbits/sec
[  3] 180.0-190.0 sec  5.62 MBytes  4.72 Mbits/sec
[  3] 190.0-200.0 sec  5.62 MBytes  4.72 Mbits/sec
[  3] 200.0-210.0 sec  5.75 MBytes  4.82 Mbits/sec
[  3] 210.0-220.0 sec  5.62 MBytes  4.72 Mbits/sec
[  3] 220.0-230.0 sec  5.62 MBytes  4.72 Mbits/sec
[  3] 230.0-240.0 sec  5.62 MBytes  4.72 Mbits/sec
[  3] 240.0-250.0 sec  5.75 MBytes  4.82 Mbits/sec
[  3] 250.0-260.0 sec  5.50 MBytes  4.61 Mbits/sec
[  3] 260.0-270.0 sec  5.62 MBytes  4.72 Mbits/sec
[  3] 270.0-280.0 sec  5.75 MBytes  4.82 Mbits/sec
[  3] 280.0-290.0 sec  5.62 MBytes  4.72 Mbits/sec
[  3] 290.0-300.0 sec  5.50 MBytes  4.61 Mbits/sec
[  3] 300.0-310.0 sec  5.75 MBytes  4.82 Mbits/sec
[  3] 310.0-320.0 sec  5.62 MBytes  4.72 Mbits/sec
[  3] 320.0-330.0 sec  5.62 MBytes  4.72 Mbits/sec
[  3] 330.0-340.0 sec  5.62 MBytes  4.72 Mbits/sec
[  3] 340.0-350.0 sec  5.62 MBytes  4.72 Mbits/sec
[  3] 350.0-360.0 sec  5.62 MBytes  4.72 Mbits/sec
[  3] 360.0-370.0 sec  5.62 MBytes  4.72 Mbits/sec
[  3] 370.0-380.0 sec  5.62 MBytes  4.72 Mbits/sec
[  3] 380.0-390.0 sec  5.62 MBytes  4.72 Mbits/sec
[  3] 390.0-400.0 sec  5.62 MBytes  4.72 Mbits/sec
[  3] 400.0-410.0 sec  5.50 MBytes  4.61 Mbits/sec
[  3] 410.0-420.0 sec  5.62 MBytes  4.72 Mbits/sec
[  3] 420.0-430.0 sec  5.38 MBytes  4.51 Mbits/sec
[  3] 430.0-440.0 sec  5.50 MBytes  4.61 Mbits/sec
[  3] 440.0-450.0 sec  5.62 MBytes  4.72 Mbits/sec
[  3] 450.0-460.0 sec  5.75 MBytes  4.82 Mbits/sec
[  3] 460.0-470.0 sec  5.38 MBytes  4.51 Mbits/sec
[  3] 470.0-480.0 sec  5.75 MBytes  4.82 Mbits/sec
[  3] 480.0-490.0 sec  5.50 MBytes  4.61 Mbits/sec
[  3] 490.0-500.0 sec  5.62 MBytes  4.72 Mbits/sec
[  3] 500.0-510.0 sec  5.50 MBytes  4.61 Mbits/sec
[  3] 510.0-520.0 sec  5.50 MBytes  4.61 Mbits/sec
[  3] 520.0-530.0 sec  5.50 MBytes  4.61 Mbits/sec
[  3] 530.0-540.0 sec  5.50 MBytes  4.61 Mbits/sec
[  3] 540.0-550.0 sec  5.50 MBytes  4.61 Mbits/sec
[  3] 550.0-560.0 sec  5.50 MBytes  4.61 Mbits/sec
[  3] 560.0-570.0 sec  5.50 MBytes  4.61 Mbits/sec
[  3] 570.0-580.0 sec  5.50 MBytes  4.61 Mbits/sec
[  3] 580.0-590.0 sec  5.62 MBytes  4.72 Mbits/sec
[  3] 590.0-600.0 sec  5.62 MBytes  4.72 Mbits/sec
[  3] 600.0-610.0 sec  5.50 MBytes  4.61 Mbits/sec
[  3] 610.0-620.0 sec  5.62 MBytes  4.72 Mbits/sec
[  3] 620.0-630.0 sec  5.50 MBytes  4.61 Mbits/sec
[  3] 630.0-640.0 sec  5.50 MBytes  4.61 Mbits/sec
[  3] 640.0-650.0 sec  5.50 MBytes  4.61 Mbits/sec
[  3] 650.0-660.0 sec  5.50 MBytes  4.61 Mbits/sec
[  3] 660.0-670.0 sec  5.50 MBytes  4.61 Mbits/sec
[  3] 670.0-680.0 sec  5.62 MBytes  4.72 Mbits/sec
[  3] 680.0-690.0 sec  5.38 MBytes  4.51 Mbits/sec
[  3] 690.0-700.0 sec  5.50 MBytes  4.61 Mbits/sec
[  3] 700.0-710.0 sec  5.62 MBytes  4.72 Mbits/sec
[  3] 710.0-720.0 sec  5.50 MBytes  4.61 Mbits/sec
[  3] 720.0-730.0 sec  5.62 MBytes  4.72 Mbits/sec
[  3] 730.0-740.0 sec  5.62 MBytes  4.72 Mbits/sec
[  3] 740.0-750.0 sec  5.62 MBytes  4.72 Mbits/sec
[  3] 750.0-760.0 sec  5.62 MBytes  4.72 Mbits/sec
[  3] 760.0-770.0 sec  5.62 MBytes  4.72 Mbits/sec
[  3] 770.0-780.0 sec  5.62 MBytes  4.72 Mbits/sec
[  3] 780.0-790.0 sec  5.25 MBytes  4.40 Mbits/sec
[  3] 790.0-800.0 sec  5.75 MBytes  4.82 Mbits/sec
[  3] 800.0-810.0 sec  5.62 MBytes  4.72 Mbits/sec
[  3] 810.0-820.0 sec  5.50 MBytes  4.61 Mbits/sec
[  3] 820.0-830.0 sec  5.50 MBytes  4.61 Mbits/sec
[  3] 830.0-840.0 sec  5.50 MBytes  4.61 Mbits/sec
[  3] 840.0-850.0 sec  5.50 MBytes  4.61 Mbits/sec
[  3] 850.0-860.0 sec  5.62 MBytes  4.72 Mbits/sec
[  3] 860.0-870.0 sec  5.50 MBytes  4.61 Mbits/sec
[  3] 870.0-880.0 sec  5.62 MBytes  4.72 Mbits/sec
[  3] 880.0-890.0 sec  5.50 MBytes  4.61 Mbits/sec
[  3] 890.0-900.0 sec  5.75 MBytes  4.82 Mbits/sec
[  3] 900.0-910.0 sec  5.62 MBytes  4.72 Mbits/sec
[  3] 910.0-920.0 sec  5.62 MBytes  4.72 Mbits/sec
[  3] 920.0-930.0 sec  5.62 MBytes  4.72 Mbits/sec
[  3] 930.0-940.0 sec  5.62 MBytes  4.72 Mbits/sec
[  3] 940.0-950.0 sec  5.38 MBytes  4.51 Mbits/sec
[  3] 950.0-960.0 sec  5.50 MBytes  4.61 Mbits/sec
[  3] 960.0-970.0 sec  5.62 MBytes  4.72 Mbits/sec
[  3] 970.0-980.0 sec  5.38 MBytes  4.51 Mbits/sec
[  3] 980.0-990.0 sec  5.62 MBytes  4.72 Mbits/sec
[  3] 990.0-1000.0 sec  5.62 MBytes  4.72 Mbits/sec
[  3]  0.0-1000.3 sec   558 MBytes  4.68 Mbits/sec
time : 2021-02-07-14:27:27
------------------------------------------------------------
Client connecting to 192.168.10.3, TCP port 5001
TCP window size: 45.0 KByte (default)
------------------------------------------------------------
[  3] local 192.168.100.165 port 38510 connected with 192.168.10.3 port 5001
[ ID] Interval       Transfer     Bandwidth
[  3]  0.0-10.0 sec  5.75 MBytes  4.82 Mbits/sec
[  3] 10.0-20.0 sec  5.62 MBytes  4.72 Mbits/sec
[  3] 20.0-30.0 sec  5.62 MBytes  4.72 Mbits/sec
[  3] 30.0-40.0 sec  5.62 MBytes  4.72 Mbits/sec
[  3] 40.0-50.0 sec  5.62 MBytes  4.72 Mbits/sec
[  3] 50.0-60.0 sec  5.75 MBytes  4.82 Mbits/sec
[  3] 60.0-70.0 sec  5.62 MBytes  4.72 Mbits/sec
[  3] 70.0-80.0 sec  5.62 MBytes  4.72 Mbits/sec
[  3] 80.0-90.0 sec  5.62 MBytes  4.72 Mbits/sec
[  3] 90.0-100.0 sec  5.62 MBytes  4.72 Mbits/sec
[  3] 100.0-110.0 sec  5.62 MBytes  4.72 Mbits/sec
[  3] 110.0-120.0 sec  5.62 MBytes  4.72 Mbits/sec
[  3] 120.0-130.0 sec  5.75 MBytes  4.82 Mbits/sec
[  3] 130.0-140.0 sec  5.62 MBytes  4.72 Mbits/sec
[  3] 140.0-150.0 sec  5.62 MBytes  4.72 Mbits/sec
[  3] 150.0-160.0 sec  5.62 MBytes  4.72 Mbits/sec
[  3] 160.0-170.0 sec  5.62 MBytes  4.72 Mbits/sec
[  3] 170.0-180.0 sec  5.75 MBytes  4.82 Mbits/sec
[  3] 180.0-190.0 sec  5.88 MBytes  4.93 Mbits/sec
[  3] 190.0-200.0 sec  5.62 MBytes  4.72 Mbits/sec
[  3] 200.0-210.0 sec  5.88 MBytes  4.93 Mbits/sec
[  3] 210.0-220.0 sec  5.88 MBytes  4.93 Mbits/sec
[  3] 220.0-230.0 sec  5.75 MBytes  4.82 Mbits/sec
[  3] 230.0-240.0 sec  5.75 MBytes  4.82 Mbits/sec
[  3] 240.0-250.0 sec  5.75 MBytes  4.82 Mbits/sec
[  3] 250.0-260.0 sec  5.75 MBytes  4.82 Mbits/sec
[  3] 260.0-270.0 sec  5.88 MBytes  4.93 Mbits/sec
[  3] 270.0-280.0 sec  5.75 MBytes  4.82 Mbits/sec
[  3] 280.0-290.0 sec  5.75 MBytes  4.82 Mbits/sec
[  3] 290.0-300.0 sec  5.75 MBytes  4.82 Mbits/sec
[  3] 300.0-310.0 sec  5.88 MBytes  4.93 Mbits/sec
[  3] 310.0-320.0 sec  5.62 MBytes  4.72 Mbits/sec
[  3] 320.0-330.0 sec  5.88 MBytes  4.93 Mbits/sec
[  3] 330.0-340.0 sec  5.75 MBytes  4.82 Mbits/sec
[  3] 340.0-350.0 sec  5.75 MBytes  4.82 Mbits/sec
[  3] 350.0-360.0 sec  5.62 MBytes  4.72 Mbits/sec
[  3] 360.0-370.0 sec  5.62 MBytes  4.72 Mbits/sec
[  3] 370.0-380.0 sec  5.75 MBytes  4.82 Mbits/sec
[  3] 380.0-390.0 sec  5.75 MBytes  4.82 Mbits/sec
[  3] 390.0-400.0 sec  5.88 MBytes  4.93 Mbits/sec
[  3] 400.0-410.0 sec  5.62 MBytes  4.72 Mbits/sec
[  3] 410.0-420.0 sec  5.88 MBytes  4.93 Mbits/sec
[  3] 420.0-430.0 sec  5.75 MBytes  4.82 Mbits/sec
[  3] 430.0-440.0 sec  5.62 MBytes  4.72 Mbits/sec
[  3] 440.0-450.0 sec  5.62 MBytes  4.72 Mbits/sec
[  3] 450.0-460.0 sec  5.62 MBytes  4.72 Mbits/sec
[  3] 460.0-470.0 sec  5.62 MBytes  4.72 Mbits/sec
[  3] 470.0-480.0 sec  5.75 MBytes  4.82 Mbits/sec
[  3] 480.0-490.0 sec  5.50 MBytes  4.61 Mbits/sec
[  3] 490.0-500.0 sec  5.75 MBytes  4.82 Mbits/sec
[  3] 500.0-510.0 sec  5.62 MBytes  4.72 Mbits/sec
[  3] 510.0-520.0 sec  5.75 MBytes  4.82 Mbits/sec
[  3] 520.0-530.0 sec  5.62 MBytes  4.72 Mbits/sec
[  3] 530.0-540.0 sec  5.75 MBytes  4.82 Mbits/sec
[  3] 540.0-550.0 sec  5.75 MBytes  4.82 Mbits/sec
[  3] 550.0-560.0 sec  5.75 MBytes  4.82 Mbits/sec
[  3] 560.0-570.0 sec  5.62 MBytes  4.72 Mbits/sec
[  3] 570.0-580.0 sec  5.62 MBytes  4.72 Mbits/sec
[  3] 580.0-590.0 sec  5.62 MBytes  4.72 Mbits/sec
[  3] 590.0-600.0 sec  5.75 MBytes  4.82 Mbits/sec
[  3] 600.0-610.0 sec  5.50 MBytes  4.61 Mbits/sec
[  3] 610.0-620.0 sec  5.75 MBytes  4.82 Mbits/sec
[  3] 620.0-630.0 sec  5.50 MBytes  4.61 Mbits/sec
[  3] 630.0-640.0 sec  5.75 MBytes  4.82 Mbits/sec
[  3] 640.0-650.0 sec  5.62 MBytes  4.72 Mbits/sec
[  3] 650.0-660.0 sec  5.75 MBytes  4.82 Mbits/sec
[  3] 660.0-670.0 sec  5.75 MBytes  4.82 Mbits/sec
[  3] 670.0-680.0 sec  5.62 MBytes  4.72 Mbits/sec
[  3] 680.0-690.0 sec  5.88 MBytes  4.93 Mbits/sec
[  3] 690.0-700.0 sec  5.75 MBytes  4.82 Mbits/sec
[  3] 700.0-710.0 sec  5.75 MBytes  4.82 Mbits/sec
[  3] 710.0-720.0 sec  5.75 MBytes  4.82 Mbits/sec
[  3] 720.0-730.0 sec  5.88 MBytes  4.93 Mbits/sec
[  3] 730.0-740.0 sec  5.88 MBytes  4.93 Mbits/sec
[  3] 740.0-750.0 sec  5.62 MBytes  4.72 Mbits/sec
[  3] 750.0-760.0 sec  5.75 MBytes  4.82 Mbits/sec
[  3] 760.0-770.0 sec  5.62 MBytes  4.72 Mbits/sec
[  3] 770.0-780.0 sec  5.62 MBytes  4.72 Mbits/sec
[  3] 780.0-790.0 sec  5.62 MBytes  4.72 Mbits/sec
[  3] 790.0-800.0 sec  5.75 MBytes  4.82 Mbits/sec
[  3] 800.0-810.0 sec  5.62 MBytes  4.72 Mbits/sec
[  3] 810.0-820.0 sec  5.62 MBytes  4.72 Mbits/sec
[  3] 820.0-830.0 sec  5.62 MBytes  4.72 Mbits/sec
[  3] 830.0-840.0 sec  5.62 MBytes  4.72 Mbits/sec
[  3] 840.0-850.0 sec  5.75 MBytes  4.82 Mbits/sec
[  3] 850.0-860.0 sec  5.88 MBytes  4.93 Mbits/sec
[  3] 860.0-870.0 sec  5.62 MBytes  4.72 Mbits/sec
[  3] 870.0-880.0 sec  5.88 MBytes  4.93 Mbits/sec
[  3] 880.0-890.0 sec  5.75 MBytes  4.82 Mbits/sec
[  3] 890.0-900.0 sec  5.88 MBytes  4.93 Mbits/sec
[  3] 900.0-910.0 sec  5.62 MBytes  4.72 Mbits/sec
[  3] 910.0-920.0 sec  5.88 MBytes  4.93 Mbits/sec
[  3] 920.0-930.0 sec  5.75 MBytes  4.82 Mbits/sec
[  3] 930.0-940.0 sec  5.75 MBytes  4.82 Mbits/sec
[  3] 940.0-950.0 sec  5.88 MBytes  4.93 Mbits/sec
[  3] 950.0-960.0 sec  5.62 MBytes  4.72 Mbits/sec
[  3] 960.0-970.0 sec  5.75 MBytes  4.82 Mbits/sec
[  3] 970.0-980.0 sec  5.62 MBytes  4.72 Mbits/sec
[  3] 980.0-990.0 sec  5.62 MBytes  4.72 Mbits/sec
[  3] 990.0-1000.0 sec  5.75 MBytes  4.82 Mbits/sec
[  3]  0.0-1000.4 sec   571 MBytes  4.79 Mbits/sec
time : 2021-02-07-14:44:12
------------------------------------------------------------
Client connecting to 192.168.10.3, TCP port 5001
TCP window size: 45.0 KByte (default)
------------------------------------------------------------
[  3] local 192.168.100.165 port 38512 connected with 192.168.10.3 port 5001
[ ID] Interval       Transfer     Bandwidth
[  3]  0.0-10.0 sec  6.12 MBytes  5.14 Mbits/sec
[  3] 10.0-20.0 sec  5.88 MBytes  4.93 Mbits/sec
[  3] 20.0-30.0 sec  5.62 MBytes  4.72 Mbits/sec
[  3] 30.0-40.0 sec  5.62 MBytes  4.72 Mbits/sec
[  3] 40.0-50.0 sec  5.75 MBytes  4.82 Mbits/sec
[  3] 50.0-60.0 sec  5.75 MBytes  4.82 Mbits/sec
[  3] 60.0-70.0 sec  5.75 MBytes  4.82 Mbits/sec
[  3] 70.0-80.0 sec  5.75 MBytes  4.82 Mbits/sec
[  3] 80.0-90.0 sec  5.75 MBytes  4.82 Mbits/sec
[  3] 90.0-100.0 sec  5.88 MBytes  4.93 Mbits/sec
[  3] 100.0-110.0 sec  5.75 MBytes  4.82 Mbits/sec
[  3] 110.0-120.0 sec  5.62 MBytes  4.72 Mbits/sec
[  3] 120.0-130.0 sec  5.75 MBytes  4.82 Mbits/sec
[  3] 130.0-140.0 sec  5.62 MBytes  4.72 Mbits/sec
[  3] 140.0-150.0 sec  5.62 MBytes  4.72 Mbits/sec
[  3] 150.0-160.0 sec  5.75 MBytes  4.82 Mbits/sec
[  3] 160.0-170.0 sec  5.62 MBytes  4.72 Mbits/sec
[  3] 170.0-180.0 sec  5.75 MBytes  4.82 Mbits/sec
[  3] 180.0-190.0 sec  5.62 MBytes  4.72 Mbits/sec
[  3] 190.0-200.0 sec  5.88 MBytes  4.93 Mbits/sec
[  3] 200.0-210.0 sec  5.75 MBytes  4.82 Mbits/sec
[  3] 210.0-220.0 sec  5.62 MBytes  4.72 Mbits/sec
[  3] 220.0-230.0 sec  5.75 MBytes  4.82 Mbits/sec
[  3] 230.0-240.0 sec  5.62 MBytes  4.72 Mbits/sec
[  3] 240.0-250.0 sec  6.12 MBytes  5.14 Mbits/sec
[  3] 250.0-260.0 sec  5.75 MBytes  4.82 Mbits/sec
[  3] 260.0-270.0 sec  5.75 MBytes  4.82 Mbits/sec
[  3] 270.0-280.0 sec  5.62 MBytes  4.72 Mbits/sec
[  3] 280.0-290.0 sec  5.62 MBytes  4.72 Mbits/sec
[  3] 290.0-300.0 sec  5.75 MBytes  4.82 Mbits/sec
[  3] 300.0-310.0 sec  5.62 MBytes  4.72 Mbits/sec
[  3] 310.0-320.0 sec  5.75 MBytes  4.82 Mbits/sec
[  3] 320.0-330.0 sec  5.62 MBytes  4.72 Mbits/sec
[  3] 330.0-340.0 sec  5.62 MBytes  4.72 Mbits/sec
[  3] 340.0-350.0 sec  5.75 MBytes  4.82 Mbits/sec
[  3] 350.0-360.0 sec  5.50 MBytes  4.61 Mbits/sec
[  3] 360.0-370.0 sec  5.88 MBytes  4.93 Mbits/sec
[  3] 370.0-380.0 sec  5.75 MBytes  4.82 Mbits/sec
[  3] 380.0-390.0 sec  5.75 MBytes  4.82 Mbits/sec
[  3] 390.0-400.0 sec  5.62 MBytes  4.72 Mbits/sec
[  3] 400.0-410.0 sec  5.62 MBytes  4.72 Mbits/sec
[  3] 410.0-420.0 sec  5.62 MBytes  4.72 Mbits/sec
[  3] 420.0-430.0 sec  5.62 MBytes  4.72 Mbits/sec
[  3] 430.0-440.0 sec  5.62 MBytes  4.72 Mbits/sec
[  3] 440.0-450.0 sec  5.62 MBytes  4.72 Mbits/sec
[  3] 450.0-460.0 sec  5.62 MBytes  4.72 Mbits/sec
[  3] 460.0-470.0 sec  5.62 MBytes  4.72 Mbits/sec
[  3] 470.0-480.0 sec  5.62 MBytes  4.72 Mbits/sec
[  3] 480.0-490.0 sec  5.62 MBytes  4.72 Mbits/sec
[  3] 490.0-500.0 sec  5.62 MBytes  4.72 Mbits/sec
[  3] 500.0-510.0 sec  5.75 MBytes  4.82 Mbits/sec
[  3] 510.0-520.0 sec  5.50 MBytes  4.61 Mbits/sec
[  3] 520.0-530.0 sec  5.75 MBytes  4.82 Mbits/sec
[  3] 530.0-540.0 sec  5.62 MBytes  4.72 Mbits/sec
[  3] 540.0-550.0 sec  5.88 MBytes  4.93 Mbits/sec
[  3] 550.0-560.0 sec  5.75 MBytes  4.82 Mbits/sec
[  3] 560.0-570.0 sec  5.75 MBytes  4.82 Mbits/sec
[  3] 570.0-580.0 sec  5.75 MBytes  4.82 Mbits/sec
[  3] 580.0-590.0 sec  5.62 MBytes  4.72 Mbits/sec
[  3] 590.0-600.0 sec  5.62 MBytes  4.72 Mbits/sec
[  3] 600.0-610.0 sec  5.62 MBytes  4.72 Mbits/sec
[  3] 610.0-620.0 sec  5.75 MBytes  4.82 Mbits/sec
[  3] 620.0-630.0 sec  5.75 MBytes  4.82 Mbits/sec
[  3] 630.0-640.0 sec  5.75 MBytes  4.82 Mbits/sec
[  3] 640.0-650.0 sec  5.88 MBytes  4.93 Mbits/sec
[  3] 650.0-660.0 sec  5.62 MBytes  4.72 Mbits/sec
[  3] 660.0-670.0 sec  5.75 MBytes  4.82 Mbits/sec
[  3] 670.0-680.0 sec  5.62 MBytes  4.72 Mbits/sec
[  3] 680.0-690.0 sec  5.75 MBytes  4.82 Mbits/sec
[  3] 690.0-700.0 sec  5.62 MBytes  4.72 Mbits/sec
[  3] 700.0-710.0 sec  5.62 MBytes  4.72 Mbits/sec
[  3] 710.0-720.0 sec  5.88 MBytes  4.93 Mbits/sec
[  3] 720.0-730.0 sec  5.62 MBytes  4.72 Mbits/sec
[  3] 730.0-740.0 sec  5.88 MBytes  4.93 Mbits/sec
[  3] 740.0-750.0 sec  5.62 MBytes  4.72 Mbits/sec
[  3] 750.0-760.0 sec  5.75 MBytes  4.82 Mbits/sec
[  3] 760.0-770.0 sec  5.75 MBytes  4.82 Mbits/sec
[  3] 770.0-780.0 sec  5.88 MBytes  4.93 Mbits/sec
[  3] 780.0-790.0 sec  5.75 MBytes  4.82 Mbits/sec
[  3] 790.0-800.0 sec  5.75 MBytes  4.82 Mbits/sec
[  3] 800.0-810.0 sec  5.75 MBytes  4.82 Mbits/sec
[  3] 810.0-820.0 sec  5.75 MBytes  4.82 Mbits/sec
[  3] 820.0-830.0 sec  5.75 MBytes  4.82 Mbits/sec
[  3] 830.0-840.0 sec  5.75 MBytes  4.82 Mbits/sec
[  3] 840.0-850.0 sec  5.75 MBytes  4.82 Mbits/sec
[  3] 850.0-860.0 sec  5.75 MBytes  4.82 Mbits/sec
[  3] 860.0-870.0 sec  5.88 MBytes  4.93 Mbits/sec
[  3] 870.0-880.0 sec  5.75 MBytes  4.82 Mbits/sec
[  3] 880.0-890.0 sec  5.50 MBytes  4.61 Mbits/sec
[  3] 890.0-900.0 sec  5.75 MBytes  4.82 Mbits/sec
[  3] 900.0-910.0 sec  5.50 MBytes  4.61 Mbits/sec
[  3] 910.0-920.0 sec  5.75 MBytes  4.82 Mbits/sec
[  3] 920.0-930.0 sec  5.62 MBytes  4.72 Mbits/sec
[  3] 930.0-940.0 sec  5.62 MBytes  4.72 Mbits/sec
[  3] 940.0-950.0 sec  5.62 MBytes  4.72 Mbits/sec
[  3] 950.0-960.0 sec  5.62 MBytes  4.72 Mbits/sec
[  3] 960.0-970.0 sec  5.75 MBytes  4.82 Mbits/sec
[  3] 970.0-980.0 sec  5.62 MBytes  4.72 Mbits/sec
[  3] 980.0-990.0 sec  5.62 MBytes  4.72 Mbits/sec
[  3] 990.0-1000.0 sec  5.88 MBytes  4.93 Mbits/sec
[  3]  0.0-1000.3 sec   571 MBytes  4.79 Mbits/sec
time : 2021-02-07-15:00:57
------------------------------------------------------------
Client connecting to 192.168.10.3, TCP port 5001
TCP window size: 45.0 KByte (default)
------------------------------------------------------------
[  3] local 192.168.100.165 port 38514 connected with 192.168.10.3 port 5001
[ ID] Interval       Transfer     Bandwidth
[  3]  0.0-10.0 sec  5.75 MBytes  4.82 Mbits/sec
[  3] 10.0-20.0 sec  5.62 MBytes  4.72 Mbits/sec
[  3] 20.0-30.0 sec  5.75 MBytes  4.82 Mbits/sec
[  3] 30.0-40.0 sec  5.62 MBytes  4.72 Mbits/sec
[  3] 40.0-50.0 sec  5.62 MBytes  4.72 Mbits/sec
[  3] 50.0-60.0 sec  5.62 MBytes  4.72 Mbits/sec
[  3] 60.0-70.0 sec  5.62 MBytes  4.72 Mbits/sec
[  3] 70.0-80.0 sec  5.75 MBytes  4.82 Mbits/sec
[  3] 80.0-90.0 sec  5.50 MBytes  4.61 Mbits/sec
[  3] 90.0-100.0 sec  5.75 MBytes  4.82 Mbits/sec
[  3] 100.0-110.0 sec  5.62 MBytes  4.72 Mbits/sec
[  3] 110.0-120.0 sec  5.75 MBytes  4.82 Mbits/sec
[  3] 120.0-130.0 sec  5.50 MBytes  4.61 Mbits/sec
[  3] 130.0-140.0 sec  5.62 MBytes  4.72 Mbits/sec
[  3] 140.0-150.0 sec  5.75 MBytes  4.82 Mbits/sec
[  3] 150.0-160.0 sec  5.62 MBytes  4.72 Mbits/sec
[  3] 160.0-170.0 sec  5.38 MBytes  4.51 Mbits/sec
[  3] 170.0-180.0 sec  5.75 MBytes  4.82 Mbits/sec
[  3] 180.0-190.0 sec  5.75 MBytes  4.82 Mbits/sec
[  3] 190.0-200.0 sec  5.75 MBytes  4.82 Mbits/sec
[  3] 200.0-210.0 sec  5.62 MBytes  4.72 Mbits/sec
[  3] 210.0-220.0 sec  5.62 MBytes  4.72 Mbits/sec
[  3] 220.0-230.0 sec  5.75 MBytes  4.82 Mbits/sec
[  3] 230.0-240.0 sec  5.50 MBytes  4.61 Mbits/sec
[  3] 240.0-250.0 sec  5.75 MBytes  4.82 Mbits/sec
[  3] 250.0-260.0 sec  5.75 MBytes  4.82 Mbits/sec
[  3] 260.0-270.0 sec  5.50 MBytes  4.61 Mbits/sec
[  3] 270.0-280.0 sec  5.50 MBytes  4.61 Mbits/sec
[  3] 280.0-290.0 sec  5.62 MBytes  4.72 Mbits/sec
[  3] 290.0-300.0 sec  5.50 MBytes  4.61 Mbits/sec
[  3] 300.0-310.0 sec  5.62 MBytes  4.72 Mbits/sec
[  3] 310.0-320.0 sec  5.38 MBytes  4.51 Mbits/sec
[  3] 320.0-330.0 sec  5.62 MBytes  4.72 Mbits/sec
[  3] 330.0-340.0 sec  5.50 MBytes  4.61 Mbits/sec
[  3] 340.0-350.0 sec  5.50 MBytes  4.61 Mbits/sec
[  3] 350.0-360.0 sec  5.50 MBytes  4.61 Mbits/sec
[  3] 360.0-370.0 sec  5.62 MBytes  4.72 Mbits/sec
[  3] 370.0-380.0 sec  5.62 MBytes  4.72 Mbits/sec
[  3] 380.0-390.0 sec  5.75 MBytes  4.82 Mbits/sec
[  3] 390.0-400.0 sec  5.50 MBytes  4.61 Mbits/sec
[  3] 400.0-410.0 sec  5.62 MBytes  4.72 Mbits/sec
[  3] 410.0-420.0 sec  5.50 MBytes  4.61 Mbits/sec
[  3] 420.0-430.0 sec  5.50 MBytes  4.61 Mbits/sec
[  3] 430.0-440.0 sec  5.62 MBytes  4.72 Mbits/sec
[  3] 440.0-450.0 sec  5.62 MBytes  4.72 Mbits/sec
[  3] 450.0-460.0 sec  5.75 MBytes  4.82 Mbits/sec
[  3] 460.0-470.0 sec  5.62 MBytes  4.72 Mbits/sec
[  3] 470.0-480.0 sec  5.62 MBytes  4.72 Mbits/sec
[  3] 480.0-490.0 sec  5.62 MBytes  4.72 Mbits/sec
[  3] 490.0-500.0 sec  5.62 MBytes  4.72 Mbits/sec
[  3] 500.0-510.0 sec  5.62 MBytes  4.72 Mbits/sec
[  3] 510.0-520.0 sec  5.50 MBytes  4.61 Mbits/sec
[  3] 520.0-530.0 sec  5.50 MBytes  4.61 Mbits/sec
[  3] 530.0-540.0 sec  5.62 MBytes  4.72 Mbits/sec
[  3] 540.0-550.0 sec  5.62 MBytes  4.72 Mbits/sec
[  3] 550.0-560.0 sec  5.50 MBytes  4.61 Mbits/sec
[  3] 560.0-570.0 sec  5.62 MBytes  4.72 Mbits/sec
[  3] 570.0-580.0 sec  5.62 MBytes  4.72 Mbits/sec
[  3] 580.0-590.0 sec  5.75 MBytes  4.82 Mbits/sec
[  3] 590.0-600.0 sec  5.38 MBytes  4.51 Mbits/sec
[  3] 600.0-610.0 sec  5.50 MBytes  4.61 Mbits/sec
[  3] 610.0-620.0 sec  5.62 MBytes  4.72 Mbits/sec
[  3] 620.0-630.0 sec  5.50 MBytes  4.61 Mbits/sec
[  3] 630.0-640.0 sec  5.50 MBytes  4.61 Mbits/sec
[  3] 640.0-650.0 sec  5.50 MBytes  4.61 Mbits/sec
[  3] 650.0-660.0 sec  5.50 MBytes  4.61 Mbits/sec
[  3] 660.0-670.0 sec  5.62 MBytes  4.72 Mbits/sec
[  3] 670.0-680.0 sec  5.50 MBytes  4.61 Mbits/sec
[  3] 680.0-690.0 sec  5.75 MBytes  4.82 Mbits/sec
[  3] 690.0-700.0 sec  5.88 MBytes  4.93 Mbits/sec
[  3] 700.0-710.0 sec  5.62 MBytes  4.72 Mbits/sec
[  3] 710.0-720.0 sec  5.62 MBytes  4.72 Mbits/sec
[  3] 720.0-730.0 sec  5.62 MBytes  4.72 Mbits/sec
[  3] 730.0-740.0 sec  5.62 MBytes  4.72 Mbits/sec
[  3] 740.0-750.0 sec  5.62 MBytes  4.72 Mbits/sec
[  3] 750.0-760.0 sec  5.38 MBytes  4.51 Mbits/sec
[  3] 760.0-770.0 sec  5.62 MBytes  4.72 Mbits/sec
[  3] 770.0-780.0 sec  5.62 MBytes  4.72 Mbits/sec
[  3] 780.0-790.0 sec  5.62 MBytes  4.72 Mbits/sec
[  3] 790.0-800.0 sec  5.38 MBytes  4.51 Mbits/sec
[  3] 800.0-810.0 sec  5.62 MBytes  4.72 Mbits/sec
[  3] 810.0-820.0 sec  5.75 MBytes  4.82 Mbits/sec
[  3] 820.0-830.0 sec  5.62 MBytes  4.72 Mbits/sec
[  3] 830.0-840.0 sec  5.50 MBytes  4.61 Mbits/sec
[  3] 840.0-850.0 sec  5.50 MBytes  4.61 Mbits/sec
[  3] 850.0-860.0 sec  5.62 MBytes  4.72 Mbits/sec
[  3] 860.0-870.0 sec  5.62 MBytes  4.72 Mbits/sec
[  3] 870.0-880.0 sec  5.50 MBytes  4.61 Mbits/sec
[  3] 880.0-890.0 sec  5.75 MBytes  4.82 Mbits/sec
[  3] 890.0-900.0 sec  5.62 MBytes  4.72 Mbits/sec
[  3] 900.0-910.0 sec  5.62 MBytes  4.72 Mbits/sec
[  3] 910.0-920.0 sec  5.62 MBytes  4.72 Mbits/sec
[  3] 920.0-930.0 sec  5.62 MBytes  4.72 Mbits/sec
[  3] 930.0-940.0 sec  5.62 MBytes  4.72 Mbits/sec
[  3] 940.0-950.0 sec  5.62 MBytes  4.72 Mbits/sec
[  3] 950.0-960.0 sec  5.62 MBytes  4.72 Mbits/sec
[  3] 960.0-970.0 sec  5.75 MBytes  4.82 Mbits/sec
[  3] 970.0-980.0 sec  5.62 MBytes  4.72 Mbits/sec
[  3] 980.0-990.0 sec  5.62 MBytes  4.72 Mbits/sec
[  3] 990.0-1000.0 sec  5.62 MBytes  4.72 Mbits/sec
[  3]  0.0-1000.3 sec   561 MBytes  4.70 Mbits/sec
time : 2021-02-07-15:17:43
------------------------------------------------------------
Client connecting to 192.168.10.3, TCP port 5001
TCP window size: 45.0 KByte (default)
------------------------------------------------------------
[  3] local 192.168.100.165 port 38516 connected with 192.168.10.3 port 5001
[ ID] Interval       Transfer     Bandwidth
[  3]  0.0-10.0 sec  6.00 MBytes  5.03 Mbits/sec
[  3] 10.0-20.0 sec  5.62 MBytes  4.72 Mbits/sec
[  3] 20.0-30.0 sec  5.62 MBytes  4.72 Mbits/sec
[  3] 30.0-40.0 sec  5.62 MBytes  4.72 Mbits/sec
[  3] 40.0-50.0 sec  5.62 MBytes  4.72 Mbits/sec
[  3] 50.0-60.0 sec  5.50 MBytes  4.61 Mbits/sec
[  3] 60.0-70.0 sec  5.50 MBytes  4.61 Mbits/sec
[  3] 70.0-80.0 sec  5.50 MBytes  4.61 Mbits/sec
[  3] 80.0-90.0 sec  5.62 MBytes  4.72 Mbits/sec
[  3] 90.0-100.0 sec  5.38 MBytes  4.51 Mbits/sec
[  3] 100.0-110.0 sec  5.62 MBytes  4.72 Mbits/sec
[  3] 110.0-120.0 sec  5.50 MBytes  4.61 Mbits/sec
[  3] 120.0-130.0 sec  5.50 MBytes  4.61 Mbits/sec
[  3] 130.0-140.0 sec  5.62 MBytes  4.72 Mbits/sec
[  3] 140.0-150.0 sec  5.62 MBytes  4.72 Mbits/sec
[  3] 150.0-160.0 sec  5.50 MBytes  4.61 Mbits/sec
[  3] 160.0-170.0 sec  5.62 MBytes  4.72 Mbits/sec
[  3] 170.0-180.0 sec  5.62 MBytes  4.72 Mbits/sec
[  3] 180.0-190.0 sec  5.62 MBytes  4.72 Mbits/sec
[  3] 190.0-200.0 sec  5.75 MBytes  4.82 Mbits/sec
[  3] 200.0-210.0 sec  5.50 MBytes  4.61 Mbits/sec
[  3] 210.0-220.0 sec  5.62 MBytes  4.72 Mbits/sec
[  3] 220.0-230.0 sec  5.62 MBytes  4.72 Mbits/sec
[  3] 230.0-240.0 sec  5.50 MBytes  4.61 Mbits/sec
[  3] 240.0-250.0 sec  5.75 MBytes  4.82 Mbits/sec
[  3] 250.0-260.0 sec  5.62 MBytes  4.72 Mbits/sec
[  3] 260.0-270.0 sec  5.62 MBytes  4.72 Mbits/sec
[  3] 270.0-280.0 sec  5.62 MBytes  4.72 Mbits/sec
[  3] 280.0-290.0 sec  5.62 MBytes  4.72 Mbits/sec
[  3] 290.0-300.0 sec  5.38 MBytes  4.51 Mbits/sec
[  3] 300.0-310.0 sec  5.62 MBytes  4.72 Mbits/sec
[  3] 310.0-320.0 sec  5.50 MBytes  4.61 Mbits/sec
[  3] 320.0-330.0 sec  5.50 MBytes  4.61 Mbits/sec
[  3] 330.0-340.0 sec  5.62 MBytes  4.72 Mbits/sec
[  3] 340.0-350.0 sec  5.50 MBytes  4.61 Mbits/sec
[  3] 350.0-360.0 sec  5.50 MBytes  4.61 Mbits/sec
[  3] 360.0-370.0 sec  5.62 MBytes  4.72 Mbits/sec
[  3] 370.0-380.0 sec  5.62 MBytes  4.72 Mbits/sec
[  3] 380.0-390.0 sec  5.62 MBytes  4.72 Mbits/sec
[  3] 390.0-400.0 sec  5.62 MBytes  4.72 Mbits/sec
[  3] 400.0-410.0 sec  5.62 MBytes  4.72 Mbits/sec
[  3] 410.0-420.0 sec  5.62 MBytes  4.72 Mbits/sec
[  3] 420.0-430.0 sec  5.50 MBytes  4.61 Mbits/sec
[  3] 430.0-440.0 sec  5.50 MBytes  4.61 Mbits/sec
[  3] 440.0-450.0 sec  5.62 MBytes  4.72 Mbits/sec
[  3] 450.0-460.0 sec  5.75 MBytes  4.82 Mbits/sec
[  3] 460.0-470.0 sec  5.62 MBytes  4.72 Mbits/sec
[  3] 470.0-480.0 sec  5.62 MBytes  4.72 Mbits/sec
[  3] 480.0-490.0 sec  5.62 MBytes  4.72 Mbits/sec
[  3] 490.0-500.0 sec  5.75 MBytes  4.82 Mbits/sec
[  3] 500.0-510.0 sec  5.62 MBytes  4.72 Mbits/sec
[  3] 510.0-520.0 sec  5.50 MBytes  4.61 Mbits/sec
[  3] 520.0-530.0 sec  5.75 MBytes  4.82 Mbits/sec
[  3] 530.0-540.0 sec  5.62 MBytes  4.72 Mbits/sec
[  3] 540.0-550.0 sec  5.50 MBytes  4.61 Mbits/sec
[  3] 550.0-560.0 sec  5.38 MBytes  4.51 Mbits/sec
[  3] 560.0-570.0 sec  6.00 MBytes  5.03 Mbits/sec
[  3] 570.0-580.0 sec  5.88 MBytes  4.93 Mbits/sec
[  3] 580.0-590.0 sec  6.00 MBytes  5.03 Mbits/sec
[  3] 590.0-600.0 sec  5.75 MBytes  4.82 Mbits/sec
[  3] 600.0-610.0 sec  5.50 MBytes  4.61 Mbits/sec
[  3] 610.0-620.0 sec  5.62 MBytes  4.72 Mbits/sec
[  3] 620.0-630.0 sec  5.75 MBytes  4.82 Mbits/sec
[  3] 630.0-640.0 sec  5.62 MBytes  4.72 Mbits/sec
[  3] 640.0-650.0 sec  5.50 MBytes  4.61 Mbits/sec
[  3] 650.0-660.0 sec  5.75 MBytes  4.82 Mbits/sec
[  3] 660.0-670.0 sec  5.62 MBytes  4.72 Mbits/sec
[  3] 670.0-680.0 sec  5.62 MBytes  4.72 Mbits/sec
[  3] 680.0-690.0 sec  5.62 MBytes  4.72 Mbits/sec
[  3] 690.0-700.0 sec  5.75 MBytes  4.82 Mbits/sec
[  3] 700.0-710.0 sec  5.62 MBytes  4.72 Mbits/sec
[  3] 710.0-720.0 sec  5.62 MBytes  4.72 Mbits/sec
[  3] 720.0-730.0 sec  5.50 MBytes  4.61 Mbits/sec
[  3] 730.0-740.0 sec  5.50 MBytes  4.61 Mbits/sec
[  3] 740.0-750.0 sec  5.50 MBytes  4.61 Mbits/sec
[  3] 750.0-760.0 sec  5.75 MBytes  4.82 Mbits/sec
[  3] 760.0-770.0 sec  5.62 MBytes  4.72 Mbits/sec
[  3] 770.0-780.0 sec  5.62 MBytes  4.72 Mbits/sec
[  3] 780.0-790.0 sec  5.62 MBytes  4.72 Mbits/sec
[  3] 790.0-800.0 sec  5.50 MBytes  4.61 Mbits/sec
[  3] 800.0-810.0 sec  5.62 MBytes  4.72 Mbits/sec
[  3] 810.0-820.0 sec  5.50 MBytes  4.61 Mbits/sec
[  3] 820.0-830.0 sec  5.62 MBytes  4.72 Mbits/sec
[  3] 830.0-840.0 sec  5.62 MBytes  4.72 Mbits/sec
[  3] 840.0-850.0 sec  5.62 MBytes  4.72 Mbits/sec
[  3] 850.0-860.0 sec  5.75 MBytes  4.82 Mbits/sec
[  3] 860.0-870.0 sec  5.50 MBytes  4.61 Mbits/sec
[  3] 870.0-880.0 sec  5.62 MBytes  4.72 Mbits/sec
[  3] 880.0-890.0 sec  5.62 MBytes  4.72 Mbits/sec
[  3] 890.0-900.0 sec  5.62 MBytes  4.72 Mbits/sec
[  3] 900.0-910.0 sec  5.62 MBytes  4.72 Mbits/sec
[  3] 910.0-920.0 sec  5.50 MBytes  4.61 Mbits/sec
[  3] 920.0-930.0 sec  5.62 MBytes  4.72 Mbits/sec
[  3] 930.0-940.0 sec  5.50 MBytes  4.61 Mbits/sec
[  3] 940.0-950.0 sec  5.75 MBytes  4.82 Mbits/sec
[  3] 950.0-960.0 sec  5.62 MBytes  4.72 Mbits/sec
[  3] 960.0-970.0 sec  5.75 MBytes  4.82 Mbits/sec
[  3] 970.0-980.0 sec  5.50 MBytes  4.61 Mbits/sec
[  3] 980.0-990.0 sec  5.62 MBytes  4.72 Mbits/sec
[  3] 990.0-1000.0 sec  5.75 MBytes  4.82 Mbits/sec
[  3]  0.0-1000.3 sec   562 MBytes  4.71 Mbits/sec
time : 2021-02-07-15:34:28
------------------------------------------------------------
Client connecting to 192.168.10.3, TCP port 5001
TCP window size: 45.0 KByte (default)
------------------------------------------------------------
[  3] local 192.168.100.165 port 38526 connected with 192.168.10.3 port 5001
[ ID] Interval       Transfer     Bandwidth
[  3]  0.0-10.0 sec  6.00 MBytes  5.03 Mbits/sec
[  3] 10.0-20.0 sec  5.75 MBytes  4.82 Mbits/sec
[  3] 20.0-30.0 sec  5.75 MBytes  4.82 Mbits/sec
[  3] 30.0-40.0 sec  5.75 MBytes  4.82 Mbits/sec
[  3] 40.0-50.0 sec  5.75 MBytes  4.82 Mbits/sec
[  3] 50.0-60.0 sec  5.62 MBytes  4.72 Mbits/sec
[  3] 60.0-70.0 sec  5.62 MBytes  4.72 Mbits/sec
[  3] 70.0-80.0 sec  5.75 MBytes  4.82 Mbits/sec
[  3] 80.0-90.0 sec  5.88 MBytes  4.93 Mbits/sec
[  3] 90.0-100.0 sec  5.75 MBytes  4.82 Mbits/sec
[  3] 100.0-110.0 sec  5.75 MBytes  4.82 Mbits/sec
[  3] 110.0-120.0 sec  5.88 MBytes  4.93 Mbits/sec
[  3] 120.0-130.0 sec  5.75 MBytes  4.82 Mbits/sec
[  3] 130.0-140.0 sec  5.62 MBytes  4.72 Mbits/sec
[  3] 140.0-150.0 sec  5.62 MBytes  4.72 Mbits/sec
[  3] 150.0-160.0 sec  5.75 MBytes  4.82 Mbits/sec
[  3] 160.0-170.0 sec  5.62 MBytes  4.72 Mbits/sec
[  3] 170.0-180.0 sec  5.62 MBytes  4.72 Mbits/sec
[  3] 180.0-190.0 sec  5.75 MBytes  4.82 Mbits/sec
[  3] 190.0-200.0 sec  5.75 MBytes  4.82 Mbits/sec
[  3] 200.0-210.0 sec  5.75 MBytes  4.82 Mbits/sec
[  3] 210.0-220.0 sec  5.62 MBytes  4.72 Mbits/sec
[  3] 220.0-230.0 sec  5.62 MBytes  4.72 Mbits/sec
[  3] 230.0-240.0 sec  5.62 MBytes  4.72 Mbits/sec
[  3] 240.0-250.0 sec  5.62 MBytes  4.72 Mbits/sec
[  3] 250.0-260.0 sec  5.75 MBytes  4.82 Mbits/sec
[  3] 260.0-270.0 sec  5.62 MBytes  4.72 Mbits/sec
[  3] 270.0-280.0 sec  5.62 MBytes  4.72 Mbits/sec
[  3] 280.0-290.0 sec  5.62 MBytes  4.72 Mbits/sec
[  3] 290.0-300.0 sec  5.62 MBytes  4.72 Mbits/sec
[  3] 300.0-310.0 sec  5.75 MBytes  4.82 Mbits/sec
[  3] 310.0-320.0 sec  5.62 MBytes  4.72 Mbits/sec
[  3] 320.0-330.0 sec  5.62 MBytes  4.72 Mbits/sec
[  3] 330.0-340.0 sec  5.62 MBytes  4.72 Mbits/sec
[  3] 340.0-350.0 sec  5.75 MBytes  4.82 Mbits/sec
[  3] 350.0-360.0 sec  5.88 MBytes  4.93 Mbits/sec
[  3] 360.0-370.0 sec  5.62 MBytes  4.72 Mbits/sec
[  3] 370.0-380.0 sec  5.62 MBytes  4.72 Mbits/sec
[  3] 380.0-390.0 sec  5.88 MBytes  4.93 Mbits/sec
[  3] 390.0-400.0 sec  5.75 MBytes  4.82 Mbits/sec
[  3] 400.0-410.0 sec  5.75 MBytes  4.82 Mbits/sec
[  3] 410.0-420.0 sec  5.88 MBytes  4.93 Mbits/sec
[  3] 420.0-430.0 sec  5.75 MBytes  4.82 Mbits/sec
[  3] 430.0-440.0 sec  5.62 MBytes  4.72 Mbits/sec
[  3] 440.0-450.0 sec  5.62 MBytes  4.72 Mbits/sec
[  3] 450.0-460.0 sec  5.62 MBytes  4.72 Mbits/sec
[  3] 460.0-470.0 sec  5.75 MBytes  4.82 Mbits/sec
[  3] 470.0-480.0 sec  5.62 MBytes  4.72 Mbits/sec
[  3] 480.0-490.0 sec  5.62 MBytes  4.72 Mbits/sec
[  3] 490.0-500.0 sec  5.62 MBytes  4.72 Mbits/sec
[  3] 500.0-510.0 sec  5.75 MBytes  4.82 Mbits/sec
[  3] 510.0-520.0 sec  5.75 MBytes  4.82 Mbits/sec
[  3] 520.0-530.0 sec  5.88 MBytes  4.93 Mbits/sec
[  3] 530.0-540.0 sec  5.75 MBytes  4.82 Mbits/sec
[  3] 540.0-550.0 sec  5.75 MBytes  4.82 Mbits/sec
[  3] 550.0-560.0 sec  5.88 MBytes  4.93 Mbits/sec
[  3] 560.0-570.0 sec  5.75 MBytes  4.82 Mbits/sec
[  3] 570.0-580.0 sec  5.75 MBytes  4.82 Mbits/sec
[  3] 580.0-590.0 sec  5.75 MBytes  4.82 Mbits/sec
[  3] 590.0-600.0 sec  5.88 MBytes  4.93 Mbits/sec
[  3] 600.0-610.0 sec  5.62 MBytes  4.72 Mbits/sec
[  3] 610.0-620.0 sec  5.88 MBytes  4.93 Mbits/sec
[  3] 620.0-630.0 sec  5.62 MBytes  4.72 Mbits/sec
[  3] 630.0-640.0 sec  5.62 MBytes  4.72 Mbits/sec
[  3] 640.0-650.0 sec  5.62 MBytes  4.72 Mbits/sec
[  3] 650.0-660.0 sec  5.88 MBytes  4.93 Mbits/sec
[  3] 660.0-670.0 sec  5.75 MBytes  4.82 Mbits/sec
[  3] 670.0-680.0 sec  5.88 MBytes  4.93 Mbits/sec
[  3] 680.0-690.0 sec  5.75 MBytes  4.82 Mbits/sec
[  3] 690.0-700.0 sec  5.75 MBytes  4.82 Mbits/sec
[  3] 700.0-710.0 sec  5.75 MBytes  4.82 Mbits/sec
[  3] 710.0-720.0 sec  5.75 MBytes  4.82 Mbits/sec
[  3] 720.0-730.0 sec  5.75 MBytes  4.82 Mbits/sec
[  3] 730.0-740.0 sec  5.75 MBytes  4.82 Mbits/sec
[  3] 740.0-750.0 sec  5.88 MBytes  4.93 Mbits/sec
[  3] 750.0-760.0 sec  5.75 MBytes  4.82 Mbits/sec
[  3] 760.0-770.0 sec  5.75 MBytes  4.82 Mbits/sec
[  3] 770.0-780.0 sec  5.62 MBytes  4.72 Mbits/sec
[  3] 780.0-790.0 sec  5.62 MBytes  4.72 Mbits/sec
[  3] 790.0-800.0 sec  5.75 MBytes  4.82 Mbits/sec
[  3] 800.0-810.0 sec  5.88 MBytes  4.93 Mbits/sec
[  3] 810.0-820.0 sec  5.75 MBytes  4.82 Mbits/sec
[  3] 820.0-830.0 sec  5.62 MBytes  4.72 Mbits/sec
[  3] 830.0-840.0 sec  5.62 MBytes  4.72 Mbits/sec
[  3] 840.0-850.0 sec  5.75 MBytes  4.82 Mbits/sec
[  3] 850.0-860.0 sec  5.75 MBytes  4.82 Mbits/sec
[  3]  0.0-860.6 sec   492 MBytes  4.80 Mbits/sec
